[2015-03-18 00:47:28] (ERROR @ /home/x-iler/proj/bi/core/model/modx/rest/modrestclient.class.php : 231) PHP warning: simplexml_load_string(): Entity: line 1: parser error : XML declaration allowed only at the start of the document
[2015-03-18 00:47:28] (ERROR @ /home/x-iler/proj/bi/core/model/modx/rest/modrestclient.class.php : 231) PHP warning: simplexml_load_string(): &lt;?xml
[2015-03-18 00:47:28] (ERROR @ /home/x-iler/proj/bi/core/model/modx/rest/modrestclient.class.php : 231) PHP warning: simplexml_load_string():      ^
[2015-03-18 00:47:28] (ERROR @ /home/x-iler/proj/bi/core/model/modx/rest/modrestclient.class.php : 231) PHP warning: simplexml_load_string(): Entity: line 1: parser error : ParsePI: PI xml space expected
[2015-03-18 00:47:28] (ERROR @ /home/x-iler/proj/bi/core/model/modx/rest/modrestclient.class.php : 231) PHP warning: simplexml_load_string(): &lt;?xml
[2015-03-18 00:47:28] (ERROR @ /home/x-iler/proj/bi/core/model/modx/rest/modrestclient.class.php : 231) PHP warning: simplexml_load_string():      ^
[2015-03-18 00:47:28] (ERROR @ /home/x-iler/proj/bi/core/model/modx/rest/modrestclient.class.php : 231) PHP warning: simplexml_load_string(): Entity: line 1: parser error : ParsePI: PI xml never end ...
[2015-03-18 00:47:28] (ERROR @ /home/x-iler/proj/bi/core/model/modx/rest/modrestclient.class.php : 231) PHP warning: simplexml_load_string(): &lt;?xml
[2015-03-18 00:47:28] (ERROR @ /home/x-iler/proj/bi/core/model/modx/rest/modrestclient.class.php : 231) PHP warning: simplexml_load_string():      ^
[2015-03-18 00:47:28] (ERROR @ /home/x-iler/proj/bi/core/model/modx/rest/modrestclient.class.php : 231) PHP warning: simplexml_load_string(): Entity: line 1: parser error : Start tag expected, '&lt;' not found
[2015-03-18 00:47:28] (ERROR @ /home/x-iler/proj/bi/core/model/modx/rest/modrestclient.class.php : 231) PHP warning: simplexml_load_string(): &lt;?xml
[2015-03-18 00:47:28] (ERROR @ /home/x-iler/proj/bi/core/model/modx/rest/modrestclient.class.php : 231) PHP warning: simplexml_load_string():      ^
[2015-03-18 00:47:28] (ERROR @ /connectors/index.php) Could not connect to provider at: http://rest.modx.com/extras/
[2015-03-18 00:47:28] (ERROR @ /home/x-iler/proj/bi/core/model/modx/processors/workspace/packages/rest/getlist.class.php : 48) PHP warning: Invalid argument supplied for foreach()
[2015-03-18 00:47:28] (ERROR @ /home/x-iler/proj/bi/core/model/modx/processors/workspace/packages/rest/getlist.class.php : 52) PHP warning: Illegal string offset 'total'
[2015-03-18 00:47:28] (ERROR @ /home/x-iler/proj/bi/core/model/modx/rest/modrestclient.class.php : 231) PHP warning: simplexml_load_string(): Entity: line 1: parser error : XML declaration allowed only at the start of the document
[2015-03-18 00:47:28] (ERROR @ /home/x-iler/proj/bi/core/model/modx/rest/modrestclient.class.php : 231) PHP warning: simplexml_load_string(): &lt;?xml
[2015-03-18 00:47:28] (ERROR @ /home/x-iler/proj/bi/core/model/modx/rest/modrestclient.class.php : 231) PHP warning: simplexml_load_string():      ^
[2015-03-18 00:47:28] (ERROR @ /home/x-iler/proj/bi/core/model/modx/rest/modrestclient.class.php : 231) PHP warning: simplexml_load_string(): Entity: line 1: parser error : ParsePI: PI xml space expected
[2015-03-18 00:47:28] (ERROR @ /home/x-iler/proj/bi/core/model/modx/rest/modrestclient.class.php : 231) PHP warning: simplexml_load_string(): &lt;?xml
[2015-03-18 00:47:28] (ERROR @ /home/x-iler/proj/bi/core/model/modx/rest/modrestclient.class.php : 231) PHP warning: simplexml_load_string():      ^
[2015-03-18 00:47:28] (ERROR @ /home/x-iler/proj/bi/core/model/modx/rest/modrestclient.class.php : 231) PHP warning: simplexml_load_string(): Entity: line 1: parser error : ParsePI: PI xml never end ...
[2015-03-18 00:47:28] (ERROR @ /home/x-iler/proj/bi/core/model/modx/rest/modrestclient.class.php : 231) PHP warning: simplexml_load_string(): &lt;?xml
[2015-03-18 00:47:28] (ERROR @ /home/x-iler/proj/bi/core/model/modx/rest/modrestclient.class.php : 231) PHP warning: simplexml_load_string():      ^
[2015-03-18 00:47:28] (ERROR @ /home/x-iler/proj/bi/core/model/modx/rest/modrestclient.class.php : 231) PHP warning: simplexml_load_string(): Entity: line 1: parser error : Start tag expected, '&lt;' not found
[2015-03-18 00:47:28] (ERROR @ /home/x-iler/proj/bi/core/model/modx/rest/modrestclient.class.php : 231) PHP warning: simplexml_load_string(): &lt;?xml
[2015-03-18 00:47:28] (ERROR @ /home/x-iler/proj/bi/core/model/modx/rest/modrestclient.class.php : 231) PHP warning: simplexml_load_string():      ^
[2015-03-18 00:47:28] (ERROR @ /connectors/index.php) Could not connect to provider at: http://rest.modx.com/extras/
[2015-03-18 00:47:28] (ERROR @ /home/x-iler/proj/bi/core/model/modx/processors/workspace/packages/rest/getlist.class.php : 48) PHP warning: Invalid argument supplied for foreach()
[2015-03-18 00:47:28] (ERROR @ /home/x-iler/proj/bi/core/model/modx/processors/workspace/packages/rest/getlist.class.php : 52) PHP warning: Illegal string offset 'total'
